{"C:\\Users\\joaof\\Documents\\tsiw 2ano\\testing\\IntegrationsA\\functions\\api.js": {"path":"C:\\Users\\joaof\\Documents\\tsiw 2ano\\testing\\IntegrationsA\\functions\\api.js","statementMap":{"0":{"start":{"line":1,"column":14},"end":{"line":1,"column":30}},"1":{"start":{"line":11,"column":0},"end":{"line":19,"column":1}},"2":{"start":{"line":13,"column":4},"end":{"line":18,"column":5}},"3":{"start":{"line":14,"column":25},"end":{"line":14,"column":79}},"4":{"start":{"line":15,"column":8},"end":{"line":15,"column":28}},"5":{"start":{"line":17,"column":8},"end":{"line":17,"column":29}},"6":{"start":{"line":22,"column":0},"end":{"line":30,"column":1}},"7":{"start":{"line":24,"column":4},"end":{"line":29,"column":5}},"8":{"start":{"line":25,"column":25},"end":{"line":25,"column":86}},"9":{"start":{"line":26,"column":8},"end":{"line":26,"column":28}},"10":{"start":{"line":28,"column":8},"end":{"line":28,"column":29}}},"fnMap":{"0":{"name":"(anonymous_0)","decl":{"start":{"line":11,"column":20},"end":{"line":11,"column":21}},"loc":{"start":{"line":11,"column":37},"end":{"line":19,"column":1}},"line":11},"1":{"name":"(anonymous_1)","decl":{"start":{"line":22,"column":24},"end":{"line":22,"column":25}},"loc":{"start":{"line":22,"column":51},"end":{"line":30,"column":1}},"line":22}},"branchMap":{},"s":{"0":1,"1":1,"2":2,"3":2,"4":2,"5":0,"6":1,"7":2,"8":2,"9":2,"10":0},"f":{"0":2,"1":2},"b":{},"_coverageSchema":"1a1c01bbd47fc00a2c39e90264f33305004495a9","hash":"25384b4caecfb9333d68b923efa1741f2048ae18"}
}
